[2019-06-08 01:29:27] local.ERROR: Undefined index: HTTP_ACCEPT_LANGUAGE {"exception":"[object] (ErrorException(code: 0): Undefined index: HTTP_ACCEPT_LANGUAGE at /var/www/vhosts/p.w34marketing.com/portaldev.p.w34marketing.com/app/Http/Middleware/LanguageAutodetectionMiddleware.php:17)
[stacktrace]
#0 /var/www/vhosts/p.w34marketing.com/portaldev.p.w34marketing.com/app/Http/Middleware/LanguageAutodetectionMiddleware.php(17): Illuminate\\Foundation\\Bootstrap\\HandleExceptions->handleError(8, 'Undefined index...', '/var/www/vhosts...', 17, Array)
#1 /var/www/vhosts/p.w34marketing.com/portaldev.p.w34marketing.com/vendor/laravel/framework/src/Illuminate/Pipeline/Pipeline.php(163): App\\Http\\Middleware\\LanguageAutodetectionMiddleware->handle(Object(Illuminate\\Http\\Request), Object(Closure))
#2 /var/www/vhosts/p.w34marketing.com/portaldev.p.w34marketing.com/vendor/laravel/framework/src/Illuminate/Routing/Pipeline.php(53): Illuminate\\Pipeline\\Pipeline->Illuminate\\Pipeline\\{closure}(Object(Illuminate\\Http\\Request))
#3 /var/www/vhosts/p.w34marketing.com/portaldev.p.w34marketing.com/vendor/fideloper/proxy/src/TrustProxies.php(57): Illuminate\\Routing\\Pipeline->Illuminate\\Routing\\{closure}(Object(Illuminate\\Http\\Request))
#4 /var/www/vhosts/p.w34marketing.com/portaldev.p.w34marketing.com/vendor/laravel/framework/src/Illuminate/Pipeline/Pipeline.php(163): Fideloper\\Proxy\\TrustProxies->handle(Object(Illuminate\\Http\\Request), Object(Closure))
#5 /var/www/vhosts/p.w34marketing.com/portaldev.p.w34marketing.com/vendor/laravel/framework/src/Illuminate/Routing/Pipeline.php(53): Illuminate\\Pipeline\\Pipeline->Illuminate\\Pipeline\\{closure}(Object(Illuminate\\Http\\Request))
#6 /var/www/vhosts/p.w34marketing.com/portaldev.p.w34marketing.com/vendor/laravel/framework/src/Illuminate/Foundation/Http/Middleware/TransformsRequest.php(31): Illuminate\\Routing\\Pipeline->Illuminate\\Routing\\{closure}(Object(Illuminate\\Http\\Request))
#7 /var/www/vhosts/p.w34marketing.com/portaldev.p.w34marketing.com/vendor/laravel/framework/src/Illuminate/Pipeline/Pipeline.php(163): Illuminate\\Foundation\\Http\\Middleware\\TransformsRequest->handle(Object(Illuminate\\Http\\Request), Object(Closure))
#8 /var/www/vhosts/p.w34marketing.com/portaldev.p.w34marketing.com/vendor/laravel/framework/src/Illuminate/Routing/Pipeline.php(53): Illuminate\\Pipeline\\Pipeline->Illuminate\\Pipeline\\{closure}(Object(Illuminate\\Http\\Request))
#9 /var/www/vhosts/p.w34marketing.com/portaldev.p.w34marketing.com/vendor/laravel/framework/src/Illuminate/Foundation/Http/Middleware/TransformsRequest.php(31): Illuminate\\Routing\\Pipeline->Illuminate\\Routing\\{closure}(Object(Illuminate\\Http\\Request))
#10 /var/www/vhosts/p.w34marketing.com/portaldev.p.w34marketing.com/vendor/laravel/framework/src/Illuminate/Pipeline/Pipeline.php(163): Illuminate\\Foundation\\Http\\Middleware\\TransformsRequest->handle(Object(Illuminate\\Http\\Request), Object(Closure))
#11 /var/www/vhosts/p.w34marketing.com/portaldev.p.w34marketing.com/vendor/laravel/framework/src/Illuminate/Routing/Pipeline.php(53): Illuminate\\Pipeline\\Pipeline->Illuminate\\Pipeline\\{closure}(Object(Illuminate\\Http\\Request))
#12 /var/www/vhosts/p.w34marketing.com/portaldev.p.w34marketing.com/vendor/laravel/framework/src/Illuminate/Foundation/Http/Middleware/ValidatePostSize.php(27): Illuminate\\Routing\\Pipeline->Illuminate\\Routing\\{closure}(Object(Illuminate\\Http\\Request))
#13 /var/www/vhosts/p.w34marketing.com/portaldev.p.w34marketing.com/vendor/laravel/framework/src/Illuminate/Pipeline/Pipeline.php(163): Illuminate\\Foundation\\Http\\Middleware\\ValidatePostSize->handle(Object(Illuminate\\Http\\Request), Object(Closure))
#14 /var/www/vhosts/p.w34marketing.com/portaldev.p.w34marketing.com/vendor/laravel/framework/src/Illuminate/Routing/Pipeline.php(53): Illuminate\\Pipeline\\Pipeline->Illuminate\\Pipeline\\{closure}(Object(Illuminate\\Http\\Request))
#15 /var/www/vhosts/p.w34marketing.com/portaldev.p.w34marketing.com/vendor/laravel/framework/src/Illuminate/Foundation/Http/Middleware/CheckForMaintenanceMode.php(62): Illuminate\\Routing\\Pipeline->Illuminate\\Routing\\{closure}(Object(Illuminate\\Http\\Request))
#16 /var/www/vhosts/p.w34marketing.com/portaldev.p.w34marketing.com/vendor/laravel/framework/src/Illuminate/Pipeline/Pipeline.php(163): Illuminate\\Foundation\\Http\\Middleware\\CheckForMaintenanceMode->handle(Object(Illuminate\\Http\\Request), Object(Closure))
#17 /var/www/vhosts/p.w34marketing.com/portaldev.p.w34marketing.com/vendor/laravel/framework/src/Illuminate/Routing/Pipeline.php(53): Illuminate\\Pipeline\\Pipeline->Illuminate\\Pipeline\\{closure}(Object(Illuminate\\Http\\Request))
#18 /var/www/vhosts/p.w34marketing.com/portaldev.p.w34marketing.com/vendor/laravel/framework/src/Illuminate/Pipeline/Pipeline.php(104): Illuminate\\Routing\\Pipeline->Illuminate\\Routing\\{closure}(Object(Illuminate\\Http\\Request))
#19 /var/www/vhosts/p.w34marketing.com/portaldev.p.w34marketing.com/vendor/laravel/framework/src/Illuminate/Foundation/Http/Kernel.php(151): Illuminate\\Pipeline\\Pipeline->then(Object(Closure))
#20 /var/www/vhosts/p.w34marketing.com/portaldev.p.w34marketing.com/vendor/laravel/framework/src/Illuminate/Foundation/Http/Kernel.php(116): Illuminate\\Foundation\\Http\\Kernel->sendRequestThroughRouter(Object(Illuminate\\Http\\Request))
#21 /var/www/vhosts/p.w34marketing.com/portaldev.p.w34marketing.com/public/index.php(55): Illuminate\\Foundation\\Http\\Kernel->handle(Object(Illuminate\\Http\\Request))
#22 {main}
"} 
[2019-06-08 01:29:27] local.ERROR: Undefined index: HTTP_ACCEPT_LANGUAGE {"exception":"[object] (ErrorException(code: 0): Undefined index: HTTP_ACCEPT_LANGUAGE at /var/www/vhosts/p.w34marketing.com/portaldev.p.w34marketing.com/app/Http/Middleware/LanguageAutodetectionMiddleware.php:17)
[stacktrace]
#0 /var/www/vhosts/p.w34marketing.com/portaldev.p.w34marketing.com/app/Http/Middleware/LanguageAutodetectionMiddleware.php(17): Illuminate\\Foundation\\Bootstrap\\HandleExceptions->handleError(8, 'Undefined index...', '/var/www/vhosts...', 17, Array)
#1 /var/www/vhosts/p.w34marketing.com/portaldev.p.w34marketing.com/vendor/laravel/framework/src/Illuminate/Pipeline/Pipeline.php(163): App\\Http\\Middleware\\LanguageAutodetectionMiddleware->handle(Object(Illuminate\\Http\\Request), Object(Closure))
#2 /var/www/vhosts/p.w34marketing.com/portaldev.p.w34marketing.com/vendor/laravel/framework/src/Illuminate/Routing/Pipeline.php(53): Illuminate\\Pipeline\\Pipeline->Illuminate\\Pipeline\\{closure}(Object(Illuminate\\Http\\Request))
#3 /var/www/vhosts/p.w34marketing.com/portaldev.p.w34marketing.com/vendor/fideloper/proxy/src/TrustProxies.php(57): Illuminate\\Routing\\Pipeline->Illuminate\\Routing\\{closure}(Object(Illuminate\\Http\\Request))
#4 /var/www/vhosts/p.w34marketing.com/portaldev.p.w34marketing.com/vendor/laravel/framework/src/Illuminate/Pipeline/Pipeline.php(163): Fideloper\\Proxy\\TrustProxies->handle(Object(Illuminate\\Http\\Request), Object(Closure))
#5 /var/www/vhosts/p.w34marketing.com/portaldev.p.w34marketing.com/vendor/laravel/framework/src/Illuminate/Routing/Pipeline.php(53): Illuminate\\Pipeline\\Pipeline->Illuminate\\Pipeline\\{closure}(Object(Illuminate\\Http\\Request))
#6 /var/www/vhosts/p.w34marketing.com/portaldev.p.w34marketing.com/vendor/laravel/framework/src/Illuminate/Foundation/Http/Middleware/TransformsRequest.php(31): Illuminate\\Routing\\Pipeline->Illuminate\\Routing\\{closure}(Object(Illuminate\\Http\\Request))
#7 /var/www/vhosts/p.w34marketing.com/portaldev.p.w34marketing.com/vendor/laravel/framework/src/Illuminate/Pipeline/Pipeline.php(163): Illuminate\\Foundation\\Http\\Middleware\\TransformsRequest->handle(Object(Illuminate\\Http\\Request), Object(Closure))
#8 /var/www/vhosts/p.w34marketing.com/portaldev.p.w34marketing.com/vendor/laravel/framework/src/Illuminate/Routing/Pipeline.php(53): Illuminate\\Pipeline\\Pipeline->Illuminate\\Pipeline\\{closure}(Object(Illuminate\\Http\\Request))
#9 /var/www/vhosts/p.w34marketing.com/portaldev.p.w34marketing.com/vendor/laravel/framework/src/Illuminate/Foundation/Http/Middleware/TransformsRequest.php(31): Illuminate\\Routing\\Pipeline->Illuminate\\Routing\\{closure}(Object(Illuminate\\Http\\Request))
#10 /var/www/vhosts/p.w34marketing.com/portaldev.p.w34marketing.com/vendor/laravel/framework/src/Illuminate/Pipeline/Pipeline.php(163): Illuminate\\Foundation\\Http\\Middleware\\TransformsRequest->handle(Object(Illuminate\\Http\\Request), Object(Closure))
#11 /var/www/vhosts/p.w34marketing.com/portaldev.p.w34marketing.com/vendor/laravel/framework/src/Illuminate/Routing/Pipeline.php(53): Illuminate\\Pipeline\\Pipeline->Illuminate\\Pipeline\\{closure}(Object(Illuminate\\Http\\Request))
#12 /var/www/vhosts/p.w34marketing.com/portaldev.p.w34marketing.com/vendor/laravel/framework/src/Illuminate/Foundation/Http/Middleware/ValidatePostSize.php(27): Illuminate\\Routing\\Pipeline->Illuminate\\Routing\\{closure}(Object(Illuminate\\Http\\Request))
#13 /var/www/vhosts/p.w34marketing.com/portaldev.p.w34marketing.com/vendor/laravel/framework/src/Illuminate/Pipeline/Pipeline.php(163): Illuminate\\Foundation\\Http\\Middleware\\ValidatePostSize->handle(Object(Illuminate\\Http\\Request), Object(Closure))
#14 /var/www/vhosts/p.w34marketing.com/portaldev.p.w34marketing.com/vendor/laravel/framework/src/Illuminate/Routing/Pipeline.php(53): Illuminate\\Pipeline\\Pipeline->Illuminate\\Pipeline\\{closure}(Object(Illuminate\\Http\\Request))
#15 /var/www/vhosts/p.w34marketing.com/portaldev.p.w34marketing.com/vendor/laravel/framework/src/Illuminate/Foundation/Http/Middleware/CheckForMaintenanceMode.php(62): Illuminate\\Routing\\Pipeline->Illuminate\\Routing\\{closure}(Object(Illuminate\\Http\\Request))
#16 /var/www/vhosts/p.w34marketing.com/portaldev.p.w34marketing.com/vendor/laravel/framework/src/Illuminate/Pipeline/Pipeline.php(163): Illuminate\\Foundation\\Http\\Middleware\\CheckForMaintenanceMode->handle(Object(Illuminate\\Http\\Request), Object(Closure))
#17 /var/www/vhosts/p.w34marketing.com/portaldev.p.w34marketing.com/vendor/laravel/framework/src/Illuminate/Routing/Pipeline.php(53): Illuminate\\Pipeline\\Pipeline->Illuminate\\Pipeline\\{closure}(Object(Illuminate\\Http\\Request))
#18 /var/www/vhosts/p.w34marketing.com/portaldev.p.w34marketing.com/vendor/laravel/framework/src/Illuminate/Pipeline/Pipeline.php(104): Illuminate\\Routing\\Pipeline->Illuminate\\Routing\\{closure}(Object(Illuminate\\Http\\Request))
#19 /var/www/vhosts/p.w34marketing.com/portaldev.p.w34marketing.com/vendor/laravel/framework/src/Illuminate/Foundation/Http/Kernel.php(151): Illuminate\\Pipeline\\Pipeline->then(Object(Closure))
#20 /var/www/vhosts/p.w34marketing.com/portaldev.p.w34marketing.com/vendor/laravel/framework/src/Illuminate/Foundation/Http/Kernel.php(116): Illuminate\\Foundation\\Http\\Kernel->sendRequestThroughRouter(Object(Illuminate\\Http\\Request))
#21 /var/www/vhosts/p.w34marketing.com/portaldev.p.w34marketing.com/public/index.php(55): Illuminate\\Foundation\\Http\\Kernel->handle(Object(Illuminate\\Http\\Request))
#22 {main}
"} 
[2019-06-08 01:29:28] local.ERROR: Undefined index: HTTP_ACCEPT_LANGUAGE {"exception":"[object] (ErrorException(code: 0): Undefined index: HTTP_ACCEPT_LANGUAGE at /var/www/vhosts/p.w34marketing.com/portaldev.p.w34marketing.com/app/Http/Middleware/LanguageAutodetectionMiddleware.php:17)
[stacktrace]
#0 /var/www/vhosts/p.w34marketing.com/portaldev.p.w34marketing.com/app/Http/Middleware/LanguageAutodetectionMiddleware.php(17): Illuminate\\Foundation\\Bootstrap\\HandleExceptions->handleError(8, 'Undefined index...', '/var/www/vhosts...', 17, Array)
#1 /var/www/vhosts/p.w34marketing.com/portaldev.p.w34marketing.com/vendor/laravel/framework/src/Illuminate/Pipeline/Pipeline.php(163): App\\Http\\Middleware\\LanguageAutodetectionMiddleware->handle(Object(Illuminate\\Http\\Request), Object(Closure))
#2 /var/www/vhosts/p.w34marketing.com/portaldev.p.w34marketing.com/vendor/laravel/framework/src/Illuminate/Routing/Pipeline.php(53): Illuminate\\Pipeline\\Pipeline->Illuminate\\Pipeline\\{closure}(Object(Illuminate\\Http\\Request))
#3 /var/www/vhosts/p.w34marketing.com/portaldev.p.w34marketing.com/vendor/fideloper/proxy/src/TrustProxies.php(57): Illuminate\\Routing\\Pipeline->Illuminate\\Routing\\{closure}(Object(Illuminate\\Http\\Request))
#4 /var/www/vhosts/p.w34marketing.com/portaldev.p.w34marketing.com/vendor/laravel/framework/src/Illuminate/Pipeline/Pipeline.php(163): Fideloper\\Proxy\\TrustProxies->handle(Object(Illuminate\\Http\\Request), Object(Closure))
#5 /var/www/vhosts/p.w34marketing.com/portaldev.p.w34marketing.com/vendor/laravel/framework/src/Illuminate/Routing/Pipeline.php(53): Illuminate\\Pipeline\\Pipeline->Illuminate\\Pipeline\\{closure}(Object(Illuminate\\Http\\Request))
#6 /var/www/vhosts/p.w34marketing.com/portaldev.p.w34marketing.com/vendor/laravel/framework/src/Illuminate/Foundation/Http/Middleware/TransformsRequest.php(31): Illuminate\\Routing\\Pipeline->Illuminate\\Routing\\{closure}(Object(Illuminate\\Http\\Request))
#7 /var/www/vhosts/p.w34marketing.com/portaldev.p.w34marketing.com/vendor/laravel/framework/src/Illuminate/Pipeline/Pipeline.php(163): Illuminate\\Foundation\\Http\\Middleware\\TransformsRequest->handle(Object(Illuminate\\Http\\Request), Object(Closure))
#8 /var/www/vhosts/p.w34marketing.com/portaldev.p.w34marketing.com/vendor/laravel/framework/src/Illuminate/Routing/Pipeline.php(53): Illuminate\\Pipeline\\Pipeline->Illuminate\\Pipeline\\{closure}(Object(Illuminate\\Http\\Request))
#9 /var/www/vhosts/p.w34marketing.com/portaldev.p.w34marketing.com/vendor/laravel/framework/src/Illuminate/Foundation/Http/Middleware/TransformsRequest.php(31): Illuminate\\Routing\\Pipeline->Illuminate\\Routing\\{closure}(Object(Illuminate\\Http\\Request))
#10 /var/www/vhosts/p.w34marketing.com/portaldev.p.w34marketing.com/vendor/laravel/framework/src/Illuminate/Pipeline/Pipeline.php(163): Illuminate\\Foundation\\Http\\Middleware\\TransformsRequest->handle(Object(Illuminate\\Http\\Request), Object(Closure))
#11 /var/www/vhosts/p.w34marketing.com/portaldev.p.w34marketing.com/vendor/laravel/framework/src/Illuminate/Routing/Pipeline.php(53): Illuminate\\Pipeline\\Pipeline->Illuminate\\Pipeline\\{closure}(Object(Illuminate\\Http\\Request))
#12 /var/www/vhosts/p.w34marketing.com/portaldev.p.w34marketing.com/vendor/laravel/framework/src/Illuminate/Foundation/Http/Middleware/ValidatePostSize.php(27): Illuminate\\Routing\\Pipeline->Illuminate\\Routing\\{closure}(Object(Illuminate\\Http\\Request))
#13 /var/www/vhosts/p.w34marketing.com/portaldev.p.w34marketing.com/vendor/laravel/framework/src/Illuminate/Pipeline/Pipeline.php(163): Illuminate\\Foundation\\Http\\Middleware\\ValidatePostSize->handle(Object(Illuminate\\Http\\Request), Object(Closure))
#14 /var/www/vhosts/p.w34marketing.com/portaldev.p.w34marketing.com/vendor/laravel/framework/src/Illuminate/Routing/Pipeline.php(53): Illuminate\\Pipeline\\Pipeline->Illuminate\\Pipeline\\{closure}(Object(Illuminate\\Http\\Request))
#15 /var/www/vhosts/p.w34marketing.com/portaldev.p.w34marketing.com/vendor/laravel/framework/src/Illuminate/Foundation/Http/Middleware/CheckForMaintenanceMode.php(62): Illuminate\\Routing\\Pipeline->Illuminate\\Routing\\{closure}(Object(Illuminate\\Http\\Request))
#16 /var/www/vhosts/p.w34marketing.com/portaldev.p.w34marketing.com/vendor/laravel/framework/src/Illuminate/Pipeline/Pipeline.php(163): Illuminate\\Foundation\\Http\\Middleware\\CheckForMaintenanceMode->handle(Object(Illuminate\\Http\\Request), Object(Closure))
#17 /var/www/vhosts/p.w34marketing.com/portaldev.p.w34marketing.com/vendor/laravel/framework/src/Illuminate/Routing/Pipeline.php(53): Illuminate\\Pipeline\\Pipeline->Illuminate\\Pipeline\\{closure}(Object(Illuminate\\Http\\Request))
#18 /var/www/vhosts/p.w34marketing.com/portaldev.p.w34marketing.com/vendor/laravel/framework/src/Illuminate/Pipeline/Pipeline.php(104): Illuminate\\Routing\\Pipeline->Illuminate\\Routing\\{closure}(Object(Illuminate\\Http\\Request))
#19 /var/www/vhosts/p.w34marketing.com/portaldev.p.w34marketing.com/vendor/laravel/framework/src/Illuminate/Foundation/Http/Kernel.php(151): Illuminate\\Pipeline\\Pipeline->then(Object(Closure))
#20 /var/www/vhosts/p.w34marketing.com/portaldev.p.w34marketing.com/vendor/laravel/framework/src/Illuminate/Foundation/Http/Kernel.php(116): Illuminate\\Foundation\\Http\\Kernel->sendRequestThroughRouter(Object(Illuminate\\Http\\Request))
#21 /var/www/vhosts/p.w34marketing.com/portaldev.p.w34marketing.com/public/index.php(55): Illuminate\\Foundation\\Http\\Kernel->handle(Object(Illuminate\\Http\\Request))
#22 {main}
"} 
[2019-06-08 01:29:28] local.ERROR: Undefined index: HTTP_ACCEPT_LANGUAGE {"exception":"[object] (ErrorException(code: 0): Undefined index: HTTP_ACCEPT_LANGUAGE at /var/www/vhosts/p.w34marketing.com/portaldev.p.w34marketing.com/app/Http/Middleware/LanguageAutodetectionMiddleware.php:17)
[stacktrace]
#0 /var/www/vhosts/p.w34marketing.com/portaldev.p.w34marketing.com/app/Http/Middleware/LanguageAutodetectionMiddleware.php(17): Illuminate\\Foundation\\Bootstrap\\HandleExceptions->handleError(8, 'Undefined index...', '/var/www/vhosts...', 17, Array)
#1 /var/www/vhosts/p.w34marketing.com/portaldev.p.w34marketing.com/vendor/laravel/framework/src/Illuminate/Pipeline/Pipeline.php(163): App\\Http\\Middleware\\LanguageAutodetectionMiddleware->handle(Object(Illuminate\\Http\\Request), Object(Closure))
#2 /var/www/vhosts/p.w34marketing.com/portaldev.p.w34marketing.com/vendor/laravel/framework/src/Illuminate/Routing/Pipeline.php(53): Illuminate\\Pipeline\\Pipeline->Illuminate\\Pipeline\\{closure}(Object(Illuminate\\Http\\Request))
#3 /var/www/vhosts/p.w34marketing.com/portaldev.p.w34marketing.com/vendor/fideloper/proxy/src/TrustProxies.php(57): Illuminate\\Routing\\Pipeline->Illuminate\\Routing\\{closure}(Object(Illuminate\\Http\\Request))
#4 /var/www/vhosts/p.w34marketing.com/portaldev.p.w34marketing.com/vendor/laravel/framework/src/Illuminate/Pipeline/Pipeline.php(163): Fideloper\\Proxy\\TrustProxies->handle(Object(Illuminate\\Http\\Request), Object(Closure))
#5 /var/www/vhosts/p.w34marketing.com/portaldev.p.w34marketing.com/vendor/laravel/framework/src/Illuminate/Routing/Pipeline.php(53): Illuminate\\Pipeline\\Pipeline->Illuminate\\Pipeline\\{closure}(Object(Illuminate\\Http\\Request))
#6 /var/www/vhosts/p.w34marketing.com/portaldev.p.w34marketing.com/vendor/laravel/framework/src/Illuminate/Foundation/Http/Middleware/TransformsRequest.php(31): Illuminate\\Routing\\Pipeline->Illuminate\\Routing\\{closure}(Object(Illuminate\\Http\\Request))
#7 /var/www/vhosts/p.w34marketing.com/portaldev.p.w34marketing.com/vendor/laravel/framework/src/Illuminate/Pipeline/Pipeline.php(163): Illuminate\\Foundation\\Http\\Middleware\\TransformsRequest->handle(Object(Illuminate\\Http\\Request), Object(Closure))
#8 /var/www/vhosts/p.w34marketing.com/portaldev.p.w34marketing.com/vendor/laravel/framework/src/Illuminate/Routing/Pipeline.php(53): Illuminate\\Pipeline\\Pipeline->Illuminate\\Pipeline\\{closure}(Object(Illuminate\\Http\\Request))
#9 /var/www/vhosts/p.w34marketing.com/portaldev.p.w34marketing.com/vendor/laravel/framework/src/Illuminate/Foundation/Http/Middleware/TransformsRequest.php(31): Illuminate\\Routing\\Pipeline->Illuminate\\Routing\\{closure}(Object(Illuminate\\Http\\Request))
#10 /var/www/vhosts/p.w34marketing.com/portaldev.p.w34marketing.com/vendor/laravel/framework/src/Illuminate/Pipeline/Pipeline.php(163): Illuminate\\Foundation\\Http\\Middleware\\TransformsRequest->handle(Object(Illuminate\\Http\\Request), Object(Closure))
#11 /var/www/vhosts/p.w34marketing.com/portaldev.p.w34marketing.com/vendor/laravel/framework/src/Illuminate/Routing/Pipeline.php(53): Illuminate\\Pipeline\\Pipeline->Illuminate\\Pipeline\\{closure}(Object(Illuminate\\Http\\Request))
#12 /var/www/vhosts/p.w34marketing.com/portaldev.p.w34marketing.com/vendor/laravel/framework/src/Illuminate/Foundation/Http/Middleware/ValidatePostSize.php(27): Illuminate\\Routing\\Pipeline->Illuminate\\Routing\\{closure}(Object(Illuminate\\Http\\Request))
#13 /var/www/vhosts/p.w34marketing.com/portaldev.p.w34marketing.com/vendor/laravel/framework/src/Illuminate/Pipeline/Pipeline.php(163): Illuminate\\Foundation\\Http\\Middleware\\ValidatePostSize->handle(Object(Illuminate\\Http\\Request), Object(Closure))
#14 /var/www/vhosts/p.w34marketing.com/portaldev.p.w34marketing.com/vendor/laravel/framework/src/Illuminate/Routing/Pipeline.php(53): Illuminate\\Pipeline\\Pipeline->Illuminate\\Pipeline\\{closure}(Object(Illuminate\\Http\\Request))
#15 /var/www/vhosts/p.w34marketing.com/portaldev.p.w34marketing.com/vendor/laravel/framework/src/Illuminate/Foundation/Http/Middleware/CheckForMaintenanceMode.php(62): Illuminate\\Routing\\Pipeline->Illuminate\\Routing\\{closure}(Object(Illuminate\\Http\\Request))
#16 /var/www/vhosts/p.w34marketing.com/portaldev.p.w34marketing.com/vendor/laravel/framework/src/Illuminate/Pipeline/Pipeline.php(163): Illuminate\\Foundation\\Http\\Middleware\\CheckForMaintenanceMode->handle(Object(Illuminate\\Http\\Request), Object(Closure))
#17 /var/www/vhosts/p.w34marketing.com/portaldev.p.w34marketing.com/vendor/laravel/framework/src/Illuminate/Routing/Pipeline.php(53): Illuminate\\Pipeline\\Pipeline->Illuminate\\Pipeline\\{closure}(Object(Illuminate\\Http\\Request))
#18 /var/www/vhosts/p.w34marketing.com/portaldev.p.w34marketing.com/vendor/laravel/framework/src/Illuminate/Pipeline/Pipeline.php(104): Illuminate\\Routing\\Pipeline->Illuminate\\Routing\\{closure}(Object(Illuminate\\Http\\Request))
#19 /var/www/vhosts/p.w34marketing.com/portaldev.p.w34marketing.com/vendor/laravel/framework/src/Illuminate/Foundation/Http/Kernel.php(151): Illuminate\\Pipeline\\Pipeline->then(Object(Closure))
#20 /var/www/vhosts/p.w34marketing.com/portaldev.p.w34marketing.com/vendor/laravel/framework/src/Illuminate/Foundation/Http/Kernel.php(116): Illuminate\\Foundation\\Http\\Kernel->sendRequestThroughRouter(Object(Illuminate\\Http\\Request))
#21 /var/www/vhosts/p.w34marketing.com/portaldev.p.w34marketing.com/public/index.php(55): Illuminate\\Foundation\\Http\\Kernel->handle(Object(Illuminate\\Http\\Request))
#22 {main}
"} 
[2019-06-08 02:45:15] local.ERROR: Undefined index: HTTP_ACCEPT_LANGUAGE {"exception":"[object] (ErrorException(code: 0): Undefined index: HTTP_ACCEPT_LANGUAGE at /var/www/vhosts/p.w34marketing.com/portaldev.p.w34marketing.com/app/Http/Middleware/LanguageAutodetectionMiddleware.php:17)
[stacktrace]
#0 /var/www/vhosts/p.w34marketing.com/portaldev.p.w34marketing.com/app/Http/Middleware/LanguageAutodetectionMiddleware.php(17): Illuminate\\Foundation\\Bootstrap\\HandleExceptions->handleError(8, 'Undefined index...', '/var/www/vhosts...', 17, Array)
#1 /var/www/vhosts/p.w34marketing.com/portaldev.p.w34marketing.com/vendor/laravel/framework/src/Illuminate/Pipeline/Pipeline.php(163): App\\Http\\Middleware\\LanguageAutodetectionMiddleware->handle(Object(Illuminate\\Http\\Request), Object(Closure))
#2 /var/www/vhosts/p.w34marketing.com/portaldev.p.w34marketing.com/vendor/laravel/framework/src/Illuminate/Routing/Pipeline.php(53): Illuminate\\Pipeline\\Pipeline->Illuminate\\Pipeline\\{closure}(Object(Illuminate\\Http\\Request))
#3 /var/www/vhosts/p.w34marketing.com/portaldev.p.w34marketing.com/vendor/fideloper/proxy/src/TrustProxies.php(57): Illuminate\\Routing\\Pipeline->Illuminate\\Routing\\{closure}(Object(Illuminate\\Http\\Request))
#4 /var/www/vhosts/p.w34marketing.com/portaldev.p.w34marketing.com/vendor/laravel/framework/src/Illuminate/Pipeline/Pipeline.php(163): Fideloper\\Proxy\\TrustProxies->handle(Object(Illuminate\\Http\\Request), Object(Closure))
#5 /var/www/vhosts/p.w34marketing.com/portaldev.p.w34marketing.com/vendor/laravel/framework/src/Illuminate/Routing/Pipeline.php(53): Illuminate\\Pipeline\\Pipeline->Illuminate\\Pipeline\\{closure}(Object(Illuminate\\Http\\Request))
#6 /var/www/vhosts/p.w34marketing.com/portaldev.p.w34marketing.com/vendor/laravel/framework/src/Illuminate/Foundation/Http/Middleware/TransformsRequest.php(31): Illuminate\\Routing\\Pipeline->Illuminate\\Routing\\{closure}(Object(Illuminate\\Http\\Request))
#7 /var/www/vhosts/p.w34marketing.com/portaldev.p.w34marketing.com/vendor/laravel/framework/src/Illuminate/Pipeline/Pipeline.php(163): Illuminate\\Foundation\\Http\\Middleware\\TransformsRequest->handle(Object(Illuminate\\Http\\Request), Object(Closure))
#8 /var/www/vhosts/p.w34marketing.com/portaldev.p.w34marketing.com/vendor/laravel/framework/src/Illuminate/Routing/Pipeline.php(53): Illuminate\\Pipeline\\Pipeline->Illuminate\\Pipeline\\{closure}(Object(Illuminate\\Http\\Request))
#9 /var/www/vhosts/p.w34marketing.com/portaldev.p.w34marketing.com/vendor/laravel/framework/src/Illuminate/Foundation/Http/Middleware/TransformsRequest.php(31): Illuminate\\Routing\\Pipeline->Illuminate\\Routing\\{closure}(Object(Illuminate\\Http\\Request))
#10 /var/www/vhosts/p.w34marketing.com/portaldev.p.w34marketing.com/vendor/laravel/framework/src/Illuminate/Pipeline/Pipeline.php(163): Illuminate\\Foundation\\Http\\Middleware\\TransformsRequest->handle(Object(Illuminate\\Http\\Request), Object(Closure))
#11 /var/www/vhosts/p.w34marketing.com/portaldev.p.w34marketing.com/vendor/laravel/framework/src/Illuminate/Routing/Pipeline.php(53): Illuminate\\Pipeline\\Pipeline->Illuminate\\Pipeline\\{closure}(Object(Illuminate\\Http\\Request))
#12 /var/www/vhosts/p.w34marketing.com/portaldev.p.w34marketing.com/vendor/laravel/framework/src/Illuminate/Foundation/Http/Middleware/ValidatePostSize.php(27): Illuminate\\Routing\\Pipeline->Illuminate\\Routing\\{closure}(Object(Illuminate\\Http\\Request))
#13 /var/www/vhosts/p.w34marketing.com/portaldev.p.w34marketing.com/vendor/laravel/framework/src/Illuminate/Pipeline/Pipeline.php(163): Illuminate\\Foundation\\Http\\Middleware\\ValidatePostSize->handle(Object(Illuminate\\Http\\Request), Object(Closure))
#14 /var/www/vhosts/p.w34marketing.com/portaldev.p.w34marketing.com/vendor/laravel/framework/src/Illuminate/Routing/Pipeline.php(53): Illuminate\\Pipeline\\Pipeline->Illuminate\\Pipeline\\{closure}(Object(Illuminate\\Http\\Request))
#15 /var/www/vhosts/p.w34marketing.com/portaldev.p.w34marketing.com/vendor/laravel/framework/src/Illuminate/Foundation/Http/Middleware/CheckForMaintenanceMode.php(62): Illuminate\\Routing\\Pipeline->Illuminate\\Routing\\{closure}(Object(Illuminate\\Http\\Request))
#16 /var/www/vhosts/p.w34marketing.com/portaldev.p.w34marketing.com/vendor/laravel/framework/src/Illuminate/Pipeline/Pipeline.php(163): Illuminate\\Foundation\\Http\\Middleware\\CheckForMaintenanceMode->handle(Object(Illuminate\\Http\\Request), Object(Closure))
#17 /var/www/vhosts/p.w34marketing.com/portaldev.p.w34marketing.com/vendor/laravel/framework/src/Illuminate/Routing/Pipeline.php(53): Illuminate\\Pipeline\\Pipeline->Illuminate\\Pipeline\\{closure}(Object(Illuminate\\Http\\Request))
#18 /var/www/vhosts/p.w34marketing.com/portaldev.p.w34marketing.com/vendor/laravel/framework/src/Illuminate/Pipeline/Pipeline.php(104): Illuminate\\Routing\\Pipeline->Illuminate\\Routing\\{closure}(Object(Illuminate\\Http\\Request))
#19 /var/www/vhosts/p.w34marketing.com/portaldev.p.w34marketing.com/vendor/laravel/framework/src/Illuminate/Foundation/Http/Kernel.php(151): Illuminate\\Pipeline\\Pipeline->then(Object(Closure))
#20 /var/www/vhosts/p.w34marketing.com/portaldev.p.w34marketing.com/vendor/laravel/framework/src/Illuminate/Foundation/Http/Kernel.php(116): Illuminate\\Foundation\\Http\\Kernel->sendRequestThroughRouter(Object(Illuminate\\Http\\Request))
#21 /var/www/vhosts/p.w34marketing.com/portaldev.p.w34marketing.com/public/index.php(55): Illuminate\\Foundation\\Http\\Kernel->handle(Object(Illuminate\\Http\\Request))
#22 {main}
"} 
[2019-06-08 02:45:15] local.ERROR: Undefined index: HTTP_ACCEPT_LANGUAGE {"exception":"[object] (ErrorException(code: 0): Undefined index: HTTP_ACCEPT_LANGUAGE at /var/www/vhosts/p.w34marketing.com/portaldev.p.w34marketing.com/app/Http/Middleware/LanguageAutodetectionMiddleware.php:17)
[stacktrace]
#0 /var/www/vhosts/p.w34marketing.com/portaldev.p.w34marketing.com/app/Http/Middleware/LanguageAutodetectionMiddleware.php(17): Illuminate\\Foundation\\Bootstrap\\HandleExceptions->handleError(8, 'Undefined index...', '/var/www/vhosts...', 17, Array)
#1 /var/www/vhosts/p.w34marketing.com/portaldev.p.w34marketing.com/vendor/laravel/framework/src/Illuminate/Pipeline/Pipeline.php(163): App\\Http\\Middleware\\LanguageAutodetectionMiddleware->handle(Object(Illuminate\\Http\\Request), Object(Closure))
#2 /var/www/vhosts/p.w34marketing.com/portaldev.p.w34marketing.com/vendor/laravel/framework/src/Illuminate/Routing/Pipeline.php(53): Illuminate\\Pipeline\\Pipeline->Illuminate\\Pipeline\\{closure}(Object(Illuminate\\Http\\Request))
#3 /var/www/vhosts/p.w34marketing.com/portaldev.p.w34marketing.com/vendor/fideloper/proxy/src/TrustProxies.php(57): Illuminate\\Routing\\Pipeline->Illuminate\\Routing\\{closure}(Object(Illuminate\\Http\\Request))
#4 /var/www/vhosts/p.w34marketing.com/portaldev.p.w34marketing.com/vendor/laravel/framework/src/Illuminate/Pipeline/Pipeline.php(163): Fideloper\\Proxy\\TrustProxies->handle(Object(Illuminate\\Http\\Request), Object(Closure))
#5 /var/www/vhosts/p.w34marketing.com/portaldev.p.w34marketing.com/vendor/laravel/framework/src/Illuminate/Routing/Pipeline.php(53): Illuminate\\Pipeline\\Pipeline->Illuminate\\Pipeline\\{closure}(Object(Illuminate\\Http\\Request))
#6 /var/www/vhosts/p.w34marketing.com/portaldev.p.w34marketing.com/vendor/laravel/framework/src/Illuminate/Foundation/Http/Middleware/TransformsRequest.php(31): Illuminate\\Routing\\Pipeline->Illuminate\\Routing\\{closure}(Object(Illuminate\\Http\\Request))
#7 /var/www/vhosts/p.w34marketing.com/portaldev.p.w34marketing.com/vendor/laravel/framework/src/Illuminate/Pipeline/Pipeline.php(163): Illuminate\\Foundation\\Http\\Middleware\\TransformsRequest->handle(Object(Illuminate\\Http\\Request), Object(Closure))
#8 /var/www/vhosts/p.w34marketing.com/portaldev.p.w34marketing.com/vendor/laravel/framework/src/Illuminate/Routing/Pipeline.php(53): Illuminate\\Pipeline\\Pipeline->Illuminate\\Pipeline\\{closure}(Object(Illuminate\\Http\\Request))
#9 /var/www/vhosts/p.w34marketing.com/portaldev.p.w34marketing.com/vendor/laravel/framework/src/Illuminate/Foundation/Http/Middleware/TransformsRequest.php(31): Illuminate\\Routing\\Pipeline->Illuminate\\Routing\\{closure}(Object(Illuminate\\Http\\Request))
#10 /var/www/vhosts/p.w34marketing.com/portaldev.p.w34marketing.com/vendor/laravel/framework/src/Illuminate/Pipeline/Pipeline.php(163): Illuminate\\Foundation\\Http\\Middleware\\TransformsRequest->handle(Object(Illuminate\\Http\\Request), Object(Closure))
#11 /var/www/vhosts/p.w34marketing.com/portaldev.p.w34marketing.com/vendor/laravel/framework/src/Illuminate/Routing/Pipeline.php(53): Illuminate\\Pipeline\\Pipeline->Illuminate\\Pipeline\\{closure}(Object(Illuminate\\Http\\Request))
#12 /var/www/vhosts/p.w34marketing.com/portaldev.p.w34marketing.com/vendor/laravel/framework/src/Illuminate/Foundation/Http/Middleware/ValidatePostSize.php(27): Illuminate\\Routing\\Pipeline->Illuminate\\Routing\\{closure}(Object(Illuminate\\Http\\Request))
#13 /var/www/vhosts/p.w34marketing.com/portaldev.p.w34marketing.com/vendor/laravel/framework/src/Illuminate/Pipeline/Pipeline.php(163): Illuminate\\Foundation\\Http\\Middleware\\ValidatePostSize->handle(Object(Illuminate\\Http\\Request), Object(Closure))
#14 /var/www/vhosts/p.w34marketing.com/portaldev.p.w34marketing.com/vendor/laravel/framework/src/Illuminate/Routing/Pipeline.php(53): Illuminate\\Pipeline\\Pipeline->Illuminate\\Pipeline\\{closure}(Object(Illuminate\\Http\\Request))
#15 /var/www/vhosts/p.w34marketing.com/portaldev.p.w34marketing.com/vendor/laravel/framework/src/Illuminate/Foundation/Http/Middleware/CheckForMaintenanceMode.php(62): Illuminate\\Routing\\Pipeline->Illuminate\\Routing\\{closure}(Object(Illuminate\\Http\\Request))
#16 /var/www/vhosts/p.w34marketing.com/portaldev.p.w34marketing.com/vendor/laravel/framework/src/Illuminate/Pipeline/Pipeline.php(163): Illuminate\\Foundation\\Http\\Middleware\\CheckForMaintenanceMode->handle(Object(Illuminate\\Http\\Request), Object(Closure))
#17 /var/www/vhosts/p.w34marketing.com/portaldev.p.w34marketing.com/vendor/laravel/framework/src/Illuminate/Routing/Pipeline.php(53): Illuminate\\Pipeline\\Pipeline->Illuminate\\Pipeline\\{closure}(Object(Illuminate\\Http\\Request))
#18 /var/www/vhosts/p.w34marketing.com/portaldev.p.w34marketing.com/vendor/laravel/framework/src/Illuminate/Pipeline/Pipeline.php(104): Illuminate\\Routing\\Pipeline->Illuminate\\Routing\\{closure}(Object(Illuminate\\Http\\Request))
#19 /var/www/vhosts/p.w34marketing.com/portaldev.p.w34marketing.com/vendor/laravel/framework/src/Illuminate/Foundation/Http/Kernel.php(151): Illuminate\\Pipeline\\Pipeline->then(Object(Closure))
#20 /var/www/vhosts/p.w34marketing.com/portaldev.p.w34marketing.com/vendor/laravel/framework/src/Illuminate/Foundation/Http/Kernel.php(116): Illuminate\\Foundation\\Http\\Kernel->sendRequestThroughRouter(Object(Illuminate\\Http\\Request))
#21 /var/www/vhosts/p.w34marketing.com/portaldev.p.w34marketing.com/public/index.php(55): Illuminate\\Foundation\\Http\\Kernel->handle(Object(Illuminate\\Http\\Request))
#22 {main}
"} 
[2019-06-08 02:45:15] local.ERROR: Undefined index: HTTP_ACCEPT_LANGUAGE {"exception":"[object] (ErrorException(code: 0): Undefined index: HTTP_ACCEPT_LANGUAGE at /var/www/vhosts/p.w34marketing.com/portaldev.p.w34marketing.com/app/Http/Middleware/LanguageAutodetectionMiddleware.php:17)
[stacktrace]
#0 /var/www/vhosts/p.w34marketing.com/portaldev.p.w34marketing.com/app/Http/Middleware/LanguageAutodetectionMiddleware.php(17): Illuminate\\Foundation\\Bootstrap\\HandleExceptions->handleError(8, 'Undefined index...', '/var/www/vhosts...', 17, Array)
#1 /var/www/vhosts/p.w34marketing.com/portaldev.p.w34marketing.com/vendor/laravel/framework/src/Illuminate/Pipeline/Pipeline.php(163): App\\Http\\Middleware\\LanguageAutodetectionMiddleware->handle(Object(Illuminate\\Http\\Request), Object(Closure))
#2 /var/www/vhosts/p.w34marketing.com/portaldev.p.w34marketing.com/vendor/laravel/framework/src/Illuminate/Routing/Pipeline.php(53): Illuminate\\Pipeline\\Pipeline->Illuminate\\Pipeline\\{closure}(Object(Illuminate\\Http\\Request))
#3 /var/www/vhosts/p.w34marketing.com/portaldev.p.w34marketing.com/vendor/fideloper/proxy/src/TrustProxies.php(57): Illuminate\\Routing\\Pipeline->Illuminate\\Routing\\{closure}(Object(Illuminate\\Http\\Request))
#4 /var/www/vhosts/p.w34marketing.com/portaldev.p.w34marketing.com/vendor/laravel/framework/src/Illuminate/Pipeline/Pipeline.php(163): Fideloper\\Proxy\\TrustProxies->handle(Object(Illuminate\\Http\\Request), Object(Closure))
#5 /var/www/vhosts/p.w34marketing.com/portaldev.p.w34marketing.com/vendor/laravel/framework/src/Illuminate/Routing/Pipeline.php(53): Illuminate\\Pipeline\\Pipeline->Illuminate\\Pipeline\\{closure}(Object(Illuminate\\Http\\Request))
#6 /var/www/vhosts/p.w34marketing.com/portaldev.p.w34marketing.com/vendor/laravel/framework/src/Illuminate/Foundation/Http/Middleware/TransformsRequest.php(31): Illuminate\\Routing\\Pipeline->Illuminate\\Routing\\{closure}(Object(Illuminate\\Http\\Request))
#7 /var/www/vhosts/p.w34marketing.com/portaldev.p.w34marketing.com/vendor/laravel/framework/src/Illuminate/Pipeline/Pipeline.php(163): Illuminate\\Foundation\\Http\\Middleware\\TransformsRequest->handle(Object(Illuminate\\Http\\Request), Object(Closure))
#8 /var/www/vhosts/p.w34marketing.com/portaldev.p.w34marketing.com/vendor/laravel/framework/src/Illuminate/Routing/Pipeline.php(53): Illuminate\\Pipeline\\Pipeline->Illuminate\\Pipeline\\{closure}(Object(Illuminate\\Http\\Request))
#9 /var/www/vhosts/p.w34marketing.com/portaldev.p.w34marketing.com/vendor/laravel/framework/src/Illuminate/Foundation/Http/Middleware/TransformsRequest.php(31): Illuminate\\Routing\\Pipeline->Illuminate\\Routing\\{closure}(Object(Illuminate\\Http\\Request))
#10 /var/www/vhosts/p.w34marketing.com/portaldev.p.w34marketing.com/vendor/laravel/framework/src/Illuminate/Pipeline/Pipeline.php(163): Illuminate\\Foundation\\Http\\Middleware\\TransformsRequest->handle(Object(Illuminate\\Http\\Request), Object(Closure))
#11 /var/www/vhosts/p.w34marketing.com/portaldev.p.w34marketing.com/vendor/laravel/framework/src/Illuminate/Routing/Pipeline.php(53): Illuminate\\Pipeline\\Pipeline->Illuminate\\Pipeline\\{closure}(Object(Illuminate\\Http\\Request))
#12 /var/www/vhosts/p.w34marketing.com/portaldev.p.w34marketing.com/vendor/laravel/framework/src/Illuminate/Foundation/Http/Middleware/ValidatePostSize.php(27): Illuminate\\Routing\\Pipeline->Illuminate\\Routing\\{closure}(Object(Illuminate\\Http\\Request))
#13 /var/www/vhosts/p.w34marketing.com/portaldev.p.w34marketing.com/vendor/laravel/framework/src/Illuminate/Pipeline/Pipeline.php(163): Illuminate\\Foundation\\Http\\Middleware\\ValidatePostSize->handle(Object(Illuminate\\Http\\Request), Object(Closure))
#14 /var/www/vhosts/p.w34marketing.com/portaldev.p.w34marketing.com/vendor/laravel/framework/src/Illuminate/Routing/Pipeline.php(53): Illuminate\\Pipeline\\Pipeline->Illuminate\\Pipeline\\{closure}(Object(Illuminate\\Http\\Request))
#15 /var/www/vhosts/p.w34marketing.com/portaldev.p.w34marketing.com/vendor/laravel/framework/src/Illuminate/Foundation/Http/Middleware/CheckForMaintenanceMode.php(62): Illuminate\\Routing\\Pipeline->Illuminate\\Routing\\{closure}(Object(Illuminate\\Http\\Request))
#16 /var/www/vhosts/p.w34marketing.com/portaldev.p.w34marketing.com/vendor/laravel/framework/src/Illuminate/Pipeline/Pipeline.php(163): Illuminate\\Foundation\\Http\\Middleware\\CheckForMaintenanceMode->handle(Object(Illuminate\\Http\\Request), Object(Closure))
#17 /var/www/vhosts/p.w34marketing.com/portaldev.p.w34marketing.com/vendor/laravel/framework/src/Illuminate/Routing/Pipeline.php(53): Illuminate\\Pipeline\\Pipeline->Illuminate\\Pipeline\\{closure}(Object(Illuminate\\Http\\Request))
#18 /var/www/vhosts/p.w34marketing.com/portaldev.p.w34marketing.com/vendor/laravel/framework/src/Illuminate/Pipeline/Pipeline.php(104): Illuminate\\Routing\\Pipeline->Illuminate\\Routing\\{closure}(Object(Illuminate\\Http\\Request))
#19 /var/www/vhosts/p.w34marketing.com/portaldev.p.w34marketing.com/vendor/laravel/framework/src/Illuminate/Foundation/Http/Kernel.php(151): Illuminate\\Pipeline\\Pipeline->then(Object(Closure))
#20 /var/www/vhosts/p.w34marketing.com/portaldev.p.w34marketing.com/vendor/laravel/framework/src/Illuminate/Foundation/Http/Kernel.php(116): Illuminate\\Foundation\\Http\\Kernel->sendRequestThroughRouter(Object(Illuminate\\Http\\Request))
#21 /var/www/vhosts/p.w34marketing.com/portaldev.p.w34marketing.com/public/index.php(55): Illuminate\\Foundation\\Http\\Kernel->handle(Object(Illuminate\\Http\\Request))
#22 {main}
"} 
